
SUMMARY: 
DESCR: 
SUMMARY: 
DESCR: 
SUMMARY: 
DESCR: 
SUMMARY: 
DESCR: 
SUMMARY: 
DESCR: 
SUMMARY: 
DESCR: 
SUMMARY: Retrieve selected pair
DESCR: 
SUMMARY: 
DESCR: 
SUMMARY: 
DESCR: 
SUMMARY: 
DESCR: 
SUMMARY: 
DESCR: 
SUMMARY: 
DESCR: 
SUMMARY: 
DESCR: 
SUMMARY: 
DESCR: 
SUMMARY: 
DESCR: 
SUMMARY: 
DESCR: 
SUMMARY: 
DESCR: 
SUMMARY: 
DESCR: 
SUMMARY: 
DESCR: 
SUMMARY: 
DESCR: 
SUMMARY: 
DESCR: 
SUMMARY: 
DESCR: 
SUMMARY: 
DESCR: 
SUMMARY: 
DESCR: 
SUMMARY: 
DESCR: 
SUMMARY: 
DESCR: 
SUMMARY: 
DESCR: 
SUMMARY: 
DESCR: 
SUMMARY: 
DESCR: 
SUMMARY: 
DESCR: 
SUMMARY: 
DESCR: 
SUMMARY: 
DESCR: 
SUMMARY: 
DESCR: 
SUMMARY: 
DESCR: 
SUMMARY: 
DESCR: 
SUMMARY: Retrieve selected pair
DESCR: 
SUMMARY: 
DESCR: 
SUMMARY: 
DESCR: 
SUMMARY: 
DESCR: 
SUMMARY: 
DESCR: 
SUMMARY: 
DESCR: 
SUMMARY: 
DESCR: 
SUMMARY: 
DESCR: 
SUMMARY: 
DESCR: 
SUMMARY: 
DESCR: 
SUMMARY: 
DESCR: 
SUMMARY: 
DESCR: 
SUMMARY: 
DESCR: 
SUMMARY: 
DESCR: 
SUMMARY: 
DESCR: 
SUMMARY: 
DESCR: 
SUMMARY: 
DESCR: 
SUMMARY: 
DESCR: 
SUMMARY: 
DESCR: 
SUMMARY: 
DESCR: 
SUMMARY: 
DESCR: 
SUMMARY: 
DESCR: 
SUMMARY: 
DESCR: 
SUMMARY: 
DESCR: 
SUMMARY: 
DESCR: 
SUMMARY: 
DESCR: 
SUMMARY: 
DESCR: 
SUMMARY: 
DESCR: 
SUMMARY: 
DESCR: 
SUMMARY: Retrieve selected pair from controller
DESCR: CURRENCY SOMETHING
SUMMARY: 
DESCR: 
SUMMARY: 
DESCR: 
SUMMARY: 
DESCR: 
SUMMARY: 
DESCR: 
SUMMARY: 
DESCR: 
SUMMARY: 
DESCR: 
SUMMARY: 
DESCR: 
SUMMARY: 
DESCR: 
SUMMARY: 
DESCR: 
SUMMARY: 
DESCR: 
SUMMARY: 
DESCR: 
SUMMARY: 
DESCR: 
SUMMARY: 
DESCR: 
SUMMARY: 
DESCR: 
SUMMARY: 
DESCR: 
SUMMARY: 
DESCR: 
SUMMARY: 
DESCR: 
SUMMARY: 
DESCR: 
SUMMARY: 
DESCR: 
SUMMARY: 
DESCR: 
SUMMARY: 
DESCR: 
SUMMARY: 
DESCR: 
SUMMARY: 
DESCR: 
SUMMARY: 
DESCR: 
SUMMARY: 
DESCR: 
SUMMARY: 
DESCR: 
SUMMARY: 
DESCR: 
SUMMARY: 
DESCR: 
SUMMARY: Retrieve selected pair from controller
DESCR: CURRENCY SOMETHING
SUMMARY: 
DESCR: 
SUMMARY: 
DESCR: 
SUMMARY: 
DESCR: 
SUMMARY: 
DESCR: 
SUMMARY: 
DESCR: 
SUMMARY: 
DESCR: 
SUMMARY: 
DESCR: 
SUMMARY: 
DESCR: 
SUMMARY: 
DESCR: 
SUMMARY: 
DESCR: 
SUMMARY: 
DESCR: 
SUMMARY: 
DESCR: 
SUMMARY: 
DESCR: 
SUMMARY: 
DESCR: 
SUMMARY: 
DESCR: 
SUMMARY: 
DESCR: 
SUMMARY: 
DESCR: 
SUMMARY: 
DESCR: 
SUMMARY: 
DESCR: 
SUMMARY: 
DESCR: 
SUMMARY: 
DESCR: 
SUMMARY: 
DESCR: 